<?xml version="1.0" encoding="UTF-8"?>
<!-- Generated by org.testng.reporters.JUnitReportReporter -->
<testsuite hostname="CDACLAB-148" failures="0" tests="1" name="testpackage.login" time="1.106" errors="0" timestamp="2024-11-15T17:38:05 IST" skipped="0">
  <testcase classname="testpackage.login" name="login" time="1.106"/>
  <system-out/>
</testsuite> <!-- testpackage.login -->
