<?xml version="1.0" encoding="UTF-8"?>
<!-- Generated by org.testng.reporters.JUnitReportReporter -->
<testsuite hostname="CDACLAB-148" failures="0" tests="1" name="testpackage.NewTest1" time="0.297" errors="0" timestamp="2024-11-15T17:12:10 IST" skipped="0">
  <testcase classname="testpackage.NewTest1" name="f" time="0.297"/>
  <system-out/>
</testsuite> <!-- testpackage.NewTest1 -->
