<?xml version="1.0" encoding="UTF-8"?>
<!-- Generated by org.testng.reporters.JUnitReportReporter -->
<testsuite hostname="CDACLAB-148" failures="0" tests="3" name="testpackage.NewTest2" time="0.003" errors="0" timestamp="2024-11-15T17:12:10 IST" skipped="0">
  <testcase classname="testpackage.NewTest2" name="login" time="0.001"/>
  <system-out/>
  <testcase classname="testpackage.NewTest2" name="home" time="0.001"/>
  <system-out/>
  <testcase classname="testpackage.NewTest2" name="reg" time="0.001"/>
  <system-out/>
</testsuite> <!-- testpackage.NewTest2 -->
